This file contains any messages produced by compilers while
running configure, to aid debugging if configure makes a mistake.

configure:529: checking for gcc
configure:642: checking whether the C compiler (gcc  ) works
configure:658: gcc -o conftest    conftest.c  1>&5
configure:684: checking whether the C compiler (gcc  ) is a cross-compiler
configure:689: checking whether we are using GNU C
configure:717: checking whether gcc accepts -g
configure:779: checking for a BSD compatible install
configure:834: checking for flex
configure:868: checking for yywrap in -lfl
configure:910: checking whether make sets ${MAKE}
configure:939: checking for ranlib
configure:968: checking for main in -lm
configure:1012: checking how to run the C preprocessor
configure:1092: checking for ANSI C header files
configure:1199: checking for limits.h
configure:1199: checking for malloc.h
configure:1199: checking for string.h
configure:1199: checking for strings.h
configure:1199: checking for sys/time.h
configure:1199: checking for unistd.h
configure:1199: checking for sys/param.h
configure:1199: checking for stdlib.h
configure:1199: checking for errno.h
configure:1237: checking for working const
configure:1312: checking for size_t
configure:1345: checking whether time.h and sys/time.h may both be included
configure:1380: checking whether struct tm is in sys/time.h or time.h
configure:1415: checking for 8-bit clean memcmp
configure:1453: checking for gettimeofday
configure:1453: checking for strtod
configure:1453: checking for strtol
